

this is MiKTeX Setup Service 5.5 (MiKTeX 25.12)
starting installer...
Loading package database...
starting package maintenance...
installation directory: f:\_TST\miktex-portable_25.12\texmfs/install
package repository: C:\Users\User\AppData\Local\Temp\mik13184
visiting repository C:\Users\User\AppData\Local\Temp\mik13184...
repository type: local package repository
loading package repository manifest...
package repository digest: d1379edcf9ac6522033ab2b74d73c1c2
going to install 18511 file(s) (196 package(s))
extracting files from amsfonts.tar.lzma...
extracting files from amsmath.tar.lzma...
extracting files from arabi.tar.lzma...
extracting files from atbegshi.tar.lzma...
extracting files from atveryend.tar.lzma...
extracting files from avantgar.cab...
extracting files from babel.tar.lzma...
extracting files from babel-english.tar.lzma...
extracting files from biber-windows-x64.tar.lzma...
extracting files from biblatex.tar.lzma...
extracting files from bibtex.tar.lzma...
extracting files from blindtext.tar.lzma...
extracting files from bookman.cab...
extracting files from cbcoptic.tar.lzma...
extracting files from cm.tar.lzma...
extracting files from courier.tar.lzma...
extracting files from csfonts.tar.lzma...
extracting files from csplain.tar.lzma...
extracting files from dehyph.tar.lzma...
extracting files from dvipdfmx.tar.lzma...
extracting files from dvips.tar.lzma...
extracting files from ec.tar.lzma...
extracting files from elhyphen.tar.lzma...
extracting files from enctex.tar.lzma...
extracting files from environ.tar.lzma...
extracting files from epstopdf-pkg.tar.lzma...
extracting files from etoolbox.tar.lzma...
extracting files from everyshi.tar.lzma...
extracting files from fontconfig.tar.lzma...
extracting files from fontspec.tar.lzma...
extracting files from ghostscript.tar.lzma...
extracting files from glyphlist.tar.lzma...
extracting files from graphics.tar.lzma...
extracting files from graphics-cfg.tar.lzma...
extracting files from graphics-def.tar.lzma...
extracting files from helvetic.cab...
extracting files from hyperref.tar.lzma...
extracting files from hyph-utf8.tar.lzma...
extracting files from iftex.tar.lzma...
extracting files from knuth-lib.tar.lzma...
extracting files from l3backend.tar.lzma...
extracting files from l3kernel.tar.lzma...
extracting files from l3packages.tar.lzma...
extracting files from latex-firstaid.tar.lzma...
extracting files from latex-fonts.tar.lzma...
extracting files from latex-tools.tar.lzma...
extracting files from listings.tar.lzma...
extracting files from lm.tar.lzma...
extracting files from ltxbase.tar.lzma...
extracting files from lualibs.tar.lzma...
extracting files from luaotfload.tar.lzma...
extracting files from luatex85.tar.lzma...
extracting files from make4ht.tar.lzma...
extracting files from metafont.tar.lzma...
extracting files from metapost.tar.lzma...
extracting files from miktex-arctrl-bin-x64-2.9.tar.lzma...
extracting files from miktex-asymptote-bin-x64-2.9.tar.lzma...
extracting files from miktex-autosp-bin-x64-2.9.tar.lzma...
extracting files from miktex-axohelp-bin-x64-2.9.tar.lzma...
extracting files from miktex-bibarts-bin-x64-2.9.tar.lzma...
extracting files from miktex-bibtex-bin-x64-2.9.tar.lzma...
extracting files from miktex-bibtex8bit-bin-x64-2.9.tar.lzma...
extracting files from miktex-bzip2-bin-x64-2.9.tar.lzma...
extracting files from miktex-cairo-bin-x64-2.9.tar.lzma...
extracting files from miktex-chktex-bin-x64-2.9.tar.lzma...
extracting files from miktex-cjkutils-bin-x64-2.9.tar.lzma...
extracting files from miktex-config-2.9.tar.lzma...
extracting files from miktex-console-bin-x64-2.9.tar.lzma...
extracting files from miktex-curl-bin-x64-2.9.tar.lzma...
extracting files from miktex-cweb-bin-x64-2.9.tar.lzma...
extracting files from miktex-devnag-bin-x64-2.9.tar.lzma...
extracting files from miktex-dict-british.tar.lzma...
extracting files from miktex-dict-english.tar.lzma...
extracting files from miktex-dict-french.tar.lzma...
extracting files from miktex-dict-german.tar.lzma...
extracting files from miktex-doc.tar.lzma...
extracting files from miktex-dvicopy-bin-x64-2.9.tar.lzma...
extracting files from miktex-dvipdfmx.tar.lzma...
extracting files from miktex-dvipdfmx-bin-x64-2.9.tar.lzma...
extracting files from miktex-dvipng-bin-x64-2.9.tar.lzma...
extracting files from miktex-dvips.tar.lzma...
extracting files from miktex-dvips-bin-x64-2.9.tar.lzma...
extracting files from miktex-dvisvgm-bin-x64-2.9.tar.lzma...
extracting files from miktex-epstopdf-bin-x64-2.9.tar.lzma...
extracting files from miktex-expat-bin-x64-2.9.tar.lzma...
extracting files from miktex-findtexmf-bin-x64-2.9.tar.lzma...
extracting files from miktex-fmt-bin-x64-2.9.tar.lzma...
extracting files from miktex-fontconfig.tar.lzma...
extracting files from miktex-fontconfig-bin-x64-2.9.tar.lzma...
extracting files from miktex-fonts-bin-x64-2.9.tar.lzma...
extracting files from miktex-freeglut-bin-x64-2.9.tar.lzma...
extracting files from miktex-freetype2-bin-x64-2.9.tar.lzma...
extracting files from miktex-fribidixetex-bin-x64-2.9.tar.lzma...
extracting files from miktex-gd-bin-x64-2.9.tar.lzma...
extracting files from miktex-ghostscript-bin-x64.tar.lzma...
extracting files from miktex-graphite2-bin-x64-2.9.tar.lzma...
extracting files from miktex-gregorio-bin-x64-2.9.tar.lzma...
extracting files from miktex-gsf2pk-bin-x64-2.9.tar.lzma...
extracting files from miktex-harfbuzz-bin-x64-2.9.tar.lzma...
extracting files from miktex-hitex-bin-x64.tar.lzma...
extracting files from miktex-hunspell-bin-x64-2.9.tar.lzma...
extracting files from miktex-icu-bin-x64.tar.lzma...
extracting files from miktex-jpeg-bin-x64-2.9.tar.lzma...
extracting files from miktex-kpathsea-bin-x64-2.9.tar.lzma...
extracting files from miktex-lacheck-bin-x64-2.9.tar.lzma...
extracting files from miktex-latex.tar.lzma...
extracting files from miktex-lcdf-typetools-bin-x64-2.9.tar.lzma...
extracting files from miktex-libressl-bin-x64-2.9.tar.lzma...
extracting files from miktex-log4cxx-bin-x64-2.9.tar.lzma...
extracting files from miktex-lua53-bin-x64-2.9.tar.lzma...
extracting files from miktex-luatex.tar.lzma...
extracting files from miktex-luatex-bin-x64-2.9.tar.lzma...
extracting files from miktex-lzma-bin-x64-2.9.tar.lzma...
extracting files from miktex-m-tx-bin-x64-2.9.tar.lzma...
extracting files from miktex-makeindex-bin-x64-2.9.tar.lzma...
extracting files from miktex-md5-bin-x64-2.9.tar.lzma...
extracting files from miktex-metafont.tar.lzma...
extracting files from miktex-metafont-bin-x64-2.9.tar.lzma...
extracting files from miktex-metapost-bin-x64-2.9.tar.lzma...
extracting files from miktex-mfware-bin-x64-2.9.tar.lzma...
extracting files from miktex-misc.tar.lzma...
extracting files from miktex-mktex-bin-x64-2.9.tar.lzma...
extracting files from miktex-mo-bin-x64-2.9.tar.lzma...
extracting files from miktex-mpmcli-bin-x64-2.9.tar.lzma...
extracting files from miktex-mspack-bin-x64-2.9.tar.lzma...
extracting files from miktex-mthelp-bin-x64-2.9.tar.lzma...
extracting files from miktex-mtprint-bin-x64-2.9.tar.lzma...
extracting files from miktex-omegaware-bin-x64-2.9.tar.lzma...
extracting files from miktex-patgen-bin-x64.tar.lzma...
extracting files from miktex-pdftex.tar.lzma...
extracting files from miktex-pdftex-bin-x64-2.9.tar.lzma...
extracting files from miktex-pixman-bin-x64-2.9.tar.lzma...
extracting files from miktex-pmx-bin-x64-2.9.tar.lzma...
extracting files from miktex-png-bin-x64-2.9.tar.lzma...
extracting files from miktex-poppler-bin-x64-2.9.tar.lzma...
extracting files from miktex-popt-bin-x64-2.9.tar.lzma...
extracting files from miktex-posix-bin-x64-2.9.tar.lzma...
extracting files from miktex-ps2pk-bin-x64-2.9.tar.lzma...
extracting files from miktex-psutils-bin-x64-2.9.tar.lzma...
extracting files from miktex-ptex-bin-x64.tar.lzma...
extracting files from miktex-qt6-bin-x64.tar.lzma...
extracting files from miktex-runtime-bin-x64-2.9.tar.lzma...
extracting files from miktex-synctex-bin-x64-2.9.tar.lzma...
extracting files from miktex-tdsutil-bin-x64.tar.lzma...
extracting files from miktex-teckit-bin-x64-2.9.tar.lzma...
extracting files from miktex-tex.tar.lzma...
extracting files from miktex-tex-bin-x64-2.9.tar.lzma...
extracting files from miktex-tex2xindy-bin-x64-2.9.tar.lzma...
extracting files from miktex-tex4ht.tar.lzma...
extracting files from miktex-tex4ht-bin-x64-2.9.tar.lzma...
extracting files from miktex-texify-bin-x64-2.9.tar.lzma...
extracting files from miktex-texware-bin-x64-2.9.tar.lzma...
extracting files from miktex-texworks-bin-x64-2.9.tar.lzma...
extracting files from miktex-ttf2pk2-bin-x64-2.9.tar.lzma...
extracting files from miktex-ucrt-bin-x64.tar.lzma...
extracting files from miktex-upmendex-bin-x64.tar.lzma...
extracting files from miktex-uriparser-bin-x64-2.9.tar.lzma...
extracting files from miktex-vc140-bin-x64.tar.lzma...
extracting files from miktex-web-bin-x64-2.9.tar.lzma...
extracting files from miktex-xetex.tar.lzma...
extracting files from miktex-xetex-bin-x64-2.9.tar.lzma...
extracting files from miktex-xindy-bin-x64.tar.lzma...
extracting files from miktex-xml2pmx-bin-x64.tar.lzma...
extracting files from miktex-yap-bin-x64-2.9.tar.lzma...
extracting files from miktex-zip-bin-x64.tar.lzma...
extracting files from miktex-zlib-bin-x64-2.9.tar.lzma...
extracting files from miktex-zzip-bin-x64-2.9.tar.lzma...
extracting files from modes.tar.lzma...
extracting files from mptopdf.tar.lzma...
extracting files from ncntrsbk.cab...
extracting files from oberdiek.tar.lzma...
extracting files from palatino.cab...
extracting files from pdftex.tar.lzma...
extracting files from pdftexcmds.tar.lzma...
extracting files from pgf.tar.lzma...
extracting files from pgfplots.tar.lzma...
extracting files from plain.tar.lzma...
extracting files from ragged2e.tar.lzma...
extracting files from rsfs.tar.lzma...
extracting files from ruhyphen.tar.lzma...
extracting files from standalone.tar.lzma...
extracting files from symbol.cab...
extracting files from tcolorbox.tar.lzma...
extracting files from tetex.tar.lzma...
extracting files from tex-ini-files.tar.lzma...
extracting files from tex4ht.tar.lzma...
extracting files from times.cab...
extracting files from trimspaces.tar.lzma...
extracting files from ukrhyph.tar.lzma...
extracting files from unicode-data.tar.lzma...
extracting files from url.tar.lzma...
extracting files from xcolor.tar.lzma...
extracting files from xetex.tar.lzma...
extracting files from xkeyval.tar.lzma...
extracting files from zapfchan.cab...
extracting files from zapfding.cab...
updating package manifests (f:\_TST\miktex-portable_25.12\texmfs/install\miktex/config\package-manifests.ini)...
installed 8188 package manifests
visiting repository C:\Users\User\AppData\Local\Temp\mik13184...
repository type: local package repository
loading package repository manifest...
initexmf --principal=setup --portable=f:\_TST\miktex-portable_25.12\texmfs/install --disable-installer --verbose:
790 [0x00004574] INFO initexmf null - this is MiKTeX Configuration Utility 5.5 (MiKTeX 25.12)
791 [0x00004574] INFO initexmf null - this process (10312) started by miktex-portable in directory g:\_USERS\Kochise\Downloads with command line: initexmf --principal=setup --portable=f:\_TST\miktex-portable_25.12\texmfs/install --disable-installer --verbose
869 [0x00004574] INFO initexmf null - Operating on the private (per-user) MiKTeX setup
924 [0x00004574] INFO initexmf null - Creating portable setup...
Creating portable setup...
976 [0x00004574] INFO initexmf null - this process (10312) finishes with exit code 0
miktex --disable-installer --verbose fndb remove:
Removing f:\_TST\miktex-portable_25.12\texmfs\config\miktex\data\le\texmf.fndb-5...

Sorry, but: Windows API error 3: Le chemin d’accès spécifié est introuvable.

Warning: Windows API error 3: Le chemin d’accès spécifié est introuvable.
Warning: Windows API error 3: Le chemin d’accès spécifié est introuvable.
mpm --register-components --verbose:
Operating on the private (per-user) MiKTeX setup
miktex --disable-installer --verbose fndb refresh:
Creating FNDB for common root directory (f:\_TST\miktex-portable_25.12\texmfs\config)...
Creating FNDB for common root directory (f:\_TST\miktex-portable_25.12\texmfs\data)...
Creating FNDB for common root directory (f:\_TST\miktex-portable_25.12\texmfs\install)...
Refreshing FNDB for MPM...
miktex --disable-installer --verbose links install --force:
Installing links in target directory f:\_TST\miktex-portable_25.12\texmfs\install\miktex\bin\x64...
warning: f:\_TST\miktex-portable_25.12\texmfs\install\miktex/bin/x64\miktex-eptex.exe: the link target does not exist
warning: eptex: engine 'eptex' not found
warning: platex: engine 'eptex' not found
warning: platex-dev: engine 'eptex' not found
miktex --disable-installer --verbose fontmaps configure:
Parsing configuration file f:\_TST\miktex-portable_25.12\texmfs\install\miktex/config\updmap.cfg...
Writing f:\_TST\miktex-portable_25.12\texmfs/data\fonts\map\dvipdfmx\kanjix.map...
Writing f:\_TST\miktex-portable_25.12\texmfs/data\fonts\map\dvips\builtin35.map...
Writing f:\_TST\miktex-portable_25.12\texmfs/data\fonts\map\dvips\download35.map...
Writing f:\_TST\miktex-portable_25.12\texmfs/data\fonts\map\dvips\ps2pk.map...
Writing f:\_TST\miktex-portable_25.12\texmfs/data\fonts\map\dvips\psfonts_pk.map...
Writing f:\_TST\miktex-portable_25.12\texmfs/data\fonts\map\dvips\psfonts_t1.map...
Writing f:\_TST\miktex-portable_25.12\texmfs/data\fonts\map\pdftex\pdftex_dl14.map...
Writing f:\_TST\miktex-portable_25.12\texmfs/data\fonts\map\pdftex\pdftex_ndl14.map...
Copying f:\_TST\miktex-portable_25.12\texmfs/data\fonts\map\dvips\psfonts_t1.map
     to f:\_TST\miktex-portable_25.12\texmfs/data\fonts\map\dvips\psfonts.map...
Copying f:\_TST\miktex-portable_25.12\texmfs/data\fonts\map\pdftex\pdftex_dl14.map
     to f:\_TST\miktex-portable_25.12\texmfs/data\fonts\map\pdftex\pdftex.map...
miktex --disable-installer --verbose languages configure:
Creating language.dat, language.dat.lua and language.def...
initexmf --default-paper-size=A4 --disable-installer --verbose:
initexmf --set-config-value=[MPM]AutoInstall=2 --disable-installer --verbose:
Setting config value: [MPM]AutoInstall=2
miktex --disable-installer --verbose fndb refresh:
Creating FNDB for common root directory (f:\_TST\miktex-portable_25.12\texmfs\config)...
Creating FNDB for common root directory (f:\_TST\miktex-portable_25.12\texmfs\data)...
Creating FNDB for common root directory (f:\_TST\miktex-portable_25.12\texmfs\install)...
Refreshing FNDB for MPM...
initexmf --report --disable-installer --verbose:
ReportDate: 2026-01-02 19:29:45
CurrentVersion: 25.12
SetupDate: 2026-01-02 19:28:34
SetupVersion: 25.12
Configuration: Portable
GitInfo: f44adf3 / 2025-12-29 11:37:26
OS: Windows 10.0.19045
SharedSetup: no
LinkTargetDirectory: f:\_TST\miktex-portable_25.12\texmfs\install\miktex\bin\x64
PathOkay: no
LastUpdateCheck: not yet
LastUpdate: not yet
LastUpdateDb: not yet
SystemAdmin: yes
RootPrivileges: no
AdminMode: no
Root0: f:\_TST\miktex-portable_25.12\texmfs\config
Root1: f:\_TST\miktex-portable_25.12\texmfs\data
Root2: f:\_TST\miktex-portable_25.12\texmfs\install
UserInstall: f:\_TST\miktex-portable_25.12\texmfs\install
UserConfig: f:\_TST\miktex-portable_25.12\texmfs\config
UserData: f:\_TST\miktex-portable_25.12\texmfs\data

The following issues were detected:
  1: major issue: So far, you have not checked for MiKTeX updates.
