2026-01-02 19:28:36,530+0100 INFO  miktex - this is One MiKTeX Utility 1.11 (MiKTeX 25.12 Portable)
2026-01-02 19:28:36,531+0100 INFO  miktex - this process (14720) started by miktex-portable in directory g:\_USERS\Kochise\Downloads with command line: miktex --disable-installer --verbose fndb remove
2026-01-02 19:28:36,561+0100 INFO  miktex - Removing f:\_TST\miktex-portable_25.12\texmfs\config\miktex\data\le\texmf.fndb-5...
2026-01-02 19:28:36,562+0100 ERROR miktex.core - Le chemin d’accès spécifié est introuvable.

2026-01-02 19:28:36,562+0100 ERROR miktex.core - Function: GetFileAttributesW
2026-01-02 19:28:36,562+0100 ERROR miktex.core - Result: 3
2026-01-02 19:28:36,562+0100 ERROR miktex.core - Data: path="f:\_TST\miktex-portable_25.12\texmfs/config\miktex/data/le\texmf.fndb-5"
2026-01-02 19:28:36,563+0100 ERROR miktex.core - Source: Libraries\MiKTeX\Core\File\win\winFile.cpp:132
2026-01-02 19:28:36,719+0100 FATAL miktex - Windows API error 3: Le chemin d’accès spécifié est introuvable.

2026-01-02 19:28:36,719+0100 FATAL miktex - Info: path="f:\_TST\miktex-portable_25.12\texmfs/config\miktex/data/le\texmf.fndb-5"
2026-01-02 19:28:36,719+0100 FATAL miktex - Source: Libraries\MiKTeX\Core\File\win\winFile.cpp
2026-01-02 19:28:36,719+0100 FATAL miktex - Line: 132
2026-01-02 19:28:36,721+0100 INFO  miktex - this process (14720) finishes with exit code 1
2026-01-02 19:28:39,794+0100 INFO  miktex - this is One MiKTeX Utility 1.11 (MiKTeX 25.12 Portable)
2026-01-02 19:28:39,794+0100 INFO  miktex - this process (2780) started by miktex-portable in directory g:\_USERS\Kochise\Downloads with command line: miktex --disable-installer --verbose fndb refresh
2026-01-02 19:28:39,795+0100 INFO  miktex - Creating FNDB for common root directory (f:\_TST\miktex-portable_25.12\texmfs\config)...
2026-01-02 19:28:39,839+0100 INFO  miktex - Creating FNDB for common root directory (f:\_TST\miktex-portable_25.12\texmfs\data)...
2026-01-02 19:28:39,855+0100 INFO  miktex - Creating FNDB for common root directory (f:\_TST\miktex-portable_25.12\texmfs\install)...
2026-01-02 19:28:46,238+0100 WARN  miktex.packagemanager - dependency problem: ms is required by _miktex-latex-packages
2026-01-02 19:28:46,239+0100 WARN  miktex.packagemanager - dependency problem: showframe is required by _miktex-latex-packages
2026-01-02 19:28:46,239+0100 WARN  miktex.packagemanager - dependency problem: sttools is required by _miktex-latex-packages
2026-01-02 19:28:46,239+0100 WARN  miktex.packagemanager - dependency problem: thailatex is required by _miktex-latex-packages
2026-01-02 19:28:46,242+0100 WARN  miktex.packagemanager - dependency problem: luxi is required by _miktex-fonts-type1
2026-01-02 19:28:46,347+0100 INFO  miktex - Refreshing FNDB for MPM...
2026-01-02 19:28:50,523+0100 INFO  miktex - this process (2780) finishes with exit code 0
2026-01-02 19:28:50,988+0100 INFO  miktex - this is One MiKTeX Utility 1.11 (MiKTeX 25.12 Portable)
2026-01-02 19:28:50,988+0100 INFO  miktex - this process (4124) started by miktex-portable in directory g:\_USERS\Kochise\Downloads with command line: miktex --disable-installer --verbose links install --force
2026-01-02 19:28:51,001+0100 INFO  miktex - Installing links in target directory f:\_TST\miktex-portable_25.12\texmfs\install\miktex\bin\x64...
2026-01-02 19:28:51,231+0100 WARN  miktex - f:\_TST\miktex-portable_25.12\texmfs\install\miktex/bin/x64\miktex-eptex.exe: the link target does not exist
2026-01-02 19:28:51,296+0100 WARN  miktex - eptex: engine 'eptex' not found
2026-01-02 19:28:51,299+0100 WARN  miktex - platex: engine 'eptex' not found
2026-01-02 19:28:51,299+0100 WARN  miktex - platex-dev: engine 'eptex' not found
2026-01-02 19:29:18,329+0100 INFO  miktex - this process (4124) finishes with exit code 0
2026-01-02 19:29:18,961+0100 INFO  miktex - this is One MiKTeX Utility 1.11 (MiKTeX 25.12 Portable)
2026-01-02 19:29:18,961+0100 INFO  miktex - this process (12308) started by miktex-portable in directory g:\_USERS\Kochise\Downloads with command line: miktex --disable-installer --verbose fontmaps configure
2026-01-02 19:29:18,963+0100 INFO  miktex - Parsing configuration file f:\_TST\miktex-portable_25.12\texmfs\install\miktex/config\updmap.cfg...
2026-01-02 19:29:20,165+0100 INFO  miktex - Writing f:\_TST\miktex-portable_25.12\texmfs/data\fonts\map\dvipdfmx\kanjix.map...
2026-01-02 19:29:20,201+0100 INFO  miktex - Writing f:\_TST\miktex-portable_25.12\texmfs/data\fonts\map\dvips\builtin35.map...
2026-01-02 19:29:20,263+0100 INFO  miktex - Writing f:\_TST\miktex-portable_25.12\texmfs/data\fonts\map\dvips\download35.map...
2026-01-02 19:29:20,309+0100 INFO  miktex - Writing f:\_TST\miktex-portable_25.12\texmfs/data\fonts\map\dvips\ps2pk.map...
2026-01-02 19:29:20,365+0100 INFO  miktex - Writing f:\_TST\miktex-portable_25.12\texmfs/data\fonts\map\dvips\psfonts_pk.map...
2026-01-02 19:29:20,421+0100 INFO  miktex - Writing f:\_TST\miktex-portable_25.12\texmfs/data\fonts\map\dvips\psfonts_t1.map...
2026-01-02 19:29:20,481+0100 INFO  miktex - Writing f:\_TST\miktex-portable_25.12\texmfs/data\fonts\map\pdftex\pdftex_dl14.map...
2026-01-02 19:29:20,547+0100 INFO  miktex - Writing f:\_TST\miktex-portable_25.12\texmfs/data\fonts\map\pdftex\pdftex_ndl14.map...
2026-01-02 19:29:20,602+0100 INFO  miktex - Copying f:\_TST\miktex-portable_25.12\texmfs/data\fonts\map\dvips\psfonts_t1.map
2026-01-02 19:29:20,603+0100 INFO  miktex -      to f:\_TST\miktex-portable_25.12\texmfs/data\fonts\map\dvips\psfonts.map...
2026-01-02 19:29:20,646+0100 INFO  miktex - Copying f:\_TST\miktex-portable_25.12\texmfs/data\fonts\map\pdftex\pdftex_dl14.map
2026-01-02 19:29:20,646+0100 INFO  miktex -      to f:\_TST\miktex-portable_25.12\texmfs/data\fonts\map\pdftex\pdftex.map...
2026-01-02 19:29:20,703+0100 INFO  miktex - running: miktex-fc-cache --verbose --miktex-disable-maintenance --miktex-disable-diagnose
2026-01-02 19:29:20,703+0100 INFO  miktex.core - start process: miktex-fc-cache --verbose --miktex-disable-maintenance --miktex-disable-diagnose
2026-01-02 19:29:30,804+0100 INFO  miktex - C:/Users/User/AppData/Local/Microsoft/Windows/Fonts: skipping, existing cache is valid: 16 fonts, 0 dirs
2026-01-02 19:29:30,805+0100 INFO  miktex - C:/WINDOWS/Fonts: skipping, existing cache is valid: 1409 fonts, 0 dirs
2026-01-02 19:29:30,808+0100 INFO  miktex - f:/_TST/miktex-portable_25.12/texmfs/install/fonts/opentype: skipping, existing cache is valid: 0 fonts, 1 dirs
2026-01-02 19:29:30,811+0100 INFO  miktex - f:/_TST/miktex-portable_25.12/texmfs/install/fonts/opentype/public: skipping, existing cache is valid: 0 fonts, 1 dirs
2026-01-02 19:29:30,818+0100 INFO  miktex - f:/_TST/miktex-portable_25.12/texmfs/install/fonts/opentype/public/lm: skipping, existing cache is valid: 72 fonts, 0 dirs
2026-01-02 19:29:30,818+0100 INFO  miktex - C:/Users/User/.local/share/fonts: skipping, no such directory
2026-01-02 19:29:30,819+0100 INFO  miktex - C:/Users/User/.fonts: skipping, no such directory
2026-01-02 19:29:30,819+0100 INFO  miktex - f:/_TST/miktex-portable_25.12/texmfs/install/fonts/opentype/public: skipping, looped directory detected
2026-01-02 19:29:31,045+0100 INFO  miktex - f:/_TST/miktex-portable_25.12/texmfs/install/fonts/opentype/public/lm: skipping, looped directory detected
2026-01-02 19:29:31,045+0100 INFO  miktex - f:/_TST/miktex-portable_25.12/texmfs/data/fontconfig/cache: cleaning cache directory
2026-01-02 19:29:31,045+0100 INFO  miktex - C:/Users/User/.cache/fontconfig: not cleaning non-existent cache directory
2026-01-02 19:29:31,047+0100 INFO  miktex - C:/Users/User/.fontconfig: not cleaning non-existent cache directory
2026-01-02 19:29:31,047+0100 INFO  miktex - miktex-fc-cache: succeeded
2026-01-02 19:29:31,055+0100 WARN  miktex.core - still open: f:\_TST\miktex-portable_25.12\texmfs\install\fontconfig/config\fonts.conf.in
2026-01-02 19:29:31,055+0100 WARN  miktex.core - still open: f:\_TST\miktex-portable_25.12\texmfs/config\fontconfig\config\fonts.conf
2026-01-02 19:29:31,056+0100 INFO  miktex - this process (12308) finishes with exit code 0
2026-01-02 19:29:31,643+0100 INFO  miktex - this is One MiKTeX Utility 1.11 (MiKTeX 25.12 Portable)
2026-01-02 19:29:31,643+0100 INFO  miktex - this process (21544) started by miktex-portable in directory g:\_USERS\Kochise\Downloads with command line: miktex --disable-installer --verbose languages configure
2026-01-02 19:29:31,644+0100 INFO  miktex - Creating language.dat, language.dat.lua and language.def...
2026-01-02 19:29:32,309+0100 INFO  miktex - this process (21544) finishes with exit code 0
2026-01-02 19:29:34,185+0100 INFO  miktex - this is One MiKTeX Utility 1.11 (MiKTeX 25.12 Portable)
2026-01-02 19:29:34,185+0100 INFO  miktex - this process (308) started by miktex-portable in directory g:\_USERS\Kochise\Downloads with command line: miktex --disable-installer --verbose fndb refresh
2026-01-02 19:29:34,271+0100 INFO  miktex - Creating FNDB for common root directory (f:\_TST\miktex-portable_25.12\texmfs\config)...
2026-01-02 19:29:34,314+0100 INFO  miktex - Creating FNDB for common root directory (f:\_TST\miktex-portable_25.12\texmfs\data)...
2026-01-02 19:29:34,347+0100 INFO  miktex - Creating FNDB for common root directory (f:\_TST\miktex-portable_25.12\texmfs\install)...
2026-01-02 19:29:39,472+0100 WARN  miktex.packagemanager - dependency problem: ms is required by _miktex-latex-packages
2026-01-02 19:29:39,473+0100 WARN  miktex.packagemanager - dependency problem: showframe is required by _miktex-latex-packages
2026-01-02 19:29:39,473+0100 WARN  miktex.packagemanager - dependency problem: sttools is required by _miktex-latex-packages
2026-01-02 19:29:39,473+0100 WARN  miktex.packagemanager - dependency problem: thailatex is required by _miktex-latex-packages
2026-01-02 19:29:39,476+0100 WARN  miktex.packagemanager - dependency problem: luxi is required by _miktex-fonts-type1
2026-01-02 19:29:39,584+0100 INFO  miktex - Refreshing FNDB for MPM...
2026-01-02 19:29:44,588+0100 INFO  miktex - this process (308) finishes with exit code 0
